# JRE version: OpenJDK Runtime Environment Temurin-21.0.7+6 (21.0.7+6) (build 21.0.7+6-LTS)
# Java VM: OpenJDK 64-Bit Server VM Temurin-21.0.7+6 (21.0.7+6-LTS, mixed mode, sharing, tiered, compressed oops, compressed class ptrs, parallel gc, windows-amd64)
GC Precious Log:
 CardTable entry size: 512
 CPUs: 8 total, 8 available
 Memory: 3944M
 Large Page Support: Disabled
 NUMA Support: Disabled
 Compressed Oops: Enabled (32-bit)
 Alignments: Space 512K, Generation 512K, Heap 2M
 Heap Min Capacity: 100M
 Heap Initial Capacity: 100M
 Heap Max Capacity: 1G
 Pre-touch: Disabled
 Parallel Workers: 8
Heap:
 PSYoungGen      total 141824K, used 31510K [0x00000000eab00000, 0x00000000f5c80000, 0x0000000100000000)
  eden space 138240K, 20% used [0x00000000eab00000,0x00000000ec648620,0x00000000f3200000)
  from space 3584K, 99% used [0x00000000f5780000,0x00000000f5afd4e0,0x00000000f5b00000)
  to   space 1536K, 0% used [0x00000000f5b00000,0x00000000f5b00000,0x00000000f5c80000)
 ParOldGen       total 622592K, used 527288K [0x00000000c0000000, 0x00000000e6000000, 0x00000000eab00000)
  object space 622592K, 84% used [0x00000000c0000000,0x00000000e02ee2b8,0x00000000e6000000)
 Metaspace       used 91237K, committed 93376K, reserved 1179648K
  class space    used 8999K, committed 9920K, reserved 1048576K
GC Heap History (20 events):
Event: 651.289 GC heap before
{Heap before GC invocations=1670 (full 6):
 PSYoungGen      total 157696K, used 157691K [0x00000000eab00000, 0x00000000f6000000, 0x0000000100000000)
  eden space 147456K, 100% used [0x00000000eab00000,0x00000000f3b00000,0x00000000f3b00000)
  from space 10240K, 99% used [0x00000000f4d80000,0x00000000f577ec20,0x00000000f5780000)
  to   space 8704K, 0% used [0x00000000f5780000,0x00000000f5780000,0x00000000f6000000)
 ParOldGen       total 622592K, used 447200K [0x00000000c0000000, 0x00000000e6000000, 0x00000000eab00000)
  object space 622592K, 71% used [0x00000000c0000000,0x00000000db4b8130,0x00000000e6000000)
 Metaspace       used 87293K, committed 89280K, reserved 1179648K
  class space    used 8518K, committed 9408K, reserved 1048576K
}
Event: 651.471 GC heap after
{Heap after GC invocations=1670 (full 6):
 PSYoungGen      total 156672K, used 8694K [0x00000000eab00000, 0x00000000f8100000, 0x0000000100000000)
  eden space 147968K, 0% used [0x00000000eab00000,0x00000000eab00000,0x00000000f3b80000)
  from space 8704K, 99% used [0x00000000f5780000,0x00000000f5ffd810,0x00000000f6000000)
  to   space 28672K, 0% used [0x00000000f3b80000,0x00000000f3b80000,0x00000000f5780000)
 ParOldGen       total 622592K, used 464782K [0x00000000c0000000, 0x00000000e6000000, 0x00000000eab00000)
  object space 622592K, 74% used [0x00000000c0000000,0x00000000dc5e3968,0x00000000e6000000)
 Metaspace       used 87293K, committed 89280K, reserved 1179648K
  class space    used 8518K, committed 9408K, reserved 1048576K
}
Event: 651.977 GC heap before
{Heap before GC invocations=1671 (full 6):
 PSYoungGen      total 156672K, used 156662K [0x00000000eab00000, 0x00000000f8100000, 0x0000000100000000)
  eden space 147968K, 100% used [0x00000000eab00000,0x00000000f3b80000,0x00000000f3b80000)
  from space 8704K, 99% used [0x00000000f5780000,0x00000000f5ffd810,0x00000000f6000000)
  to   space 28672K, 0% used [0x00000000f3b80000,0x00000000f3b80000,0x00000000f5780000)
 ParOldGen       total 622592K, used 464782K [0x00000000c0000000, 0x00000000e6000000, 0x00000000eab00000)
  object space 622592K, 74% used [0x00000000c0000000,0x00000000dc5e3968,0x00000000e6000000)
 Metaspace       used 87293K, committed 89280K, reserved 1179648K
  class space    used 8518K, committed 9408K, reserved 1048576K
}
Event: 652.036 GC heap after
{Heap after GC invocations=1671 (full 6):
 PSYoungGen      total 176640K, used 15512K [0x00000000eab00000, 0x00000000f6f80000, 0x0000000100000000)
  eden space 147968K, 0% used [0x00000000eab00000,0x00000000eab00000,0x00000000f3b80000)
  from space 28672K, 54% used [0x00000000f3b80000,0x00000000f4aa6018,0x00000000f5780000)
  to   space 19456K, 0% used [0x00000000f5c80000,0x00000000f5c80000,0x00000000f6f80000)
 ParOldGen       total 622592K, used 471710K [0x00000000c0000000, 0x00000000e6000000, 0x00000000eab00000)
  object space 622592K, 75% used [0x00000000c0000000,0x00000000dcca7968,0x00000000e6000000)
 Metaspace       used 87293K, committed 89280K, reserved 1179648K
  class space    used 8518K, committed 9408K, reserved 1048576K
}
Event: 653.470 GC heap before
{Heap before GC invocations=1672 (full 6):
 PSYoungGen      total 176640K, used 163480K [0x00000000eab00000, 0x00000000f6f80000, 0x0000000100000000)
  eden space 147968K, 100% used [0x00000000eab00000,0x00000000f3b80000,0x00000000f3b80000)
  from space 28672K, 54% used [0x00000000f3b80000,0x00000000f4aa6018,0x00000000f5780000)
  to   space 19456K, 0% used [0x00000000f5c80000,0x00000000f5c80000,0x00000000f6f80000)
 ParOldGen       total 622592K, used 471710K [0x00000000c0000000, 0x00000000e6000000, 0x00000000eab00000)
  object space 622592K, 75% used [0x00000000c0000000,0x00000000dcca7968,0x00000000e6000000)
 Metaspace       used 87299K, committed 89280K, reserved 1179648K
  class space    used 8518K, committed 9408K, reserved 1048576K
}
Event: 653.505 GC heap after
{Heap after GC invocations=1672 (full 6):
 PSYoungGen      total 179200K, used 19439K [0x00000000eab00000, 0x00000000f7300000, 0x0000000100000000)
  eden space 159744K, 0% used [0x00000000eab00000,0x00000000eab00000,0x00000000f4700000)
  from space 19456K, 99% used [0x00000000f5c80000,0x00000000f6f7be48,0x00000000f6f80000)
  to   space 22016K, 0% used [0x00000000f4700000,0x00000000f4700000,0x00000000f5c80000)
 ParOldGen       total 622592K, used 472934K [0x00000000c0000000, 0x00000000e6000000, 0x00000000eab00000)
  object space 622592K, 75% used [0x00000000c0000000,0x00000000dcdd9968,0x00000000e6000000)
 Metaspace       used 87299K, committed 89280K, reserved 1179648K
  class space    used 8518K, committed 9408K, reserved 1048576K
}
Event: 654.691 GC heap before
{Heap before GC invocations=1673 (full 6):
 PSYoungGen      total 179200K, used 179183K [0x00000000eab00000, 0x00000000f7300000, 0x0000000100000000)
  eden space 159744K, 100% used [0x00000000eab00000,0x00000000f4700000,0x00000000f4700000)
  from space 19456K, 99% used [0x00000000f5c80000,0x00000000f6f7be48,0x00000000f6f80000)
  to   space 22016K, 0% used [0x00000000f4700000,0x00000000f4700000,0x00000000f5c80000)
 ParOldGen       total 622592K, used 472934K [0x00000000c0000000, 0x00000000e6000000, 0x00000000eab00000)
  object space 622592K, 75% used [0x00000000c0000000,0x00000000dcdd9968,0x00000000e6000000)
 Metaspace       used 87299K, committed 89280K, reserved 1179648K
  class space    used 8518K, committed 9408K, reserved 1048576K
}
Event: 654.905 GC heap after
{Heap after GC invocations=1673 (full 6):
 PSYoungGen      total 181760K, used 10472K [0x00000000eab00000, 0x00000000f7180000, 0x0000000100000000)
  eden space 159744K, 0% used [0x00000000eab00000,0x00000000eab00000,0x00000000f4700000)
  from space 22016K, 47% used [0x00000000f4700000,0x00000000f513a0f8,0x00000000f5c80000)
  to   space 14336K, 0% used [0x00000000f6380000,0x00000000f6380000,0x00000000f7180000)
 ParOldGen       total 622592K, used 490470K [0x00000000c0000000, 0x00000000e6000000, 0x00000000eab00000)
  object space 622592K, 78% used [0x00000000c0000000,0x00000000ddef9980,0x00000000e6000000)
 Metaspace       used 87299K, committed 89280K, reserved 1179648K
  class space    used 8518K, committed 9408K, reserved 1048576K
}
Event: 659.511 GC heap before
{Heap before GC invocations=1674 (full 6):
 PSYoungGen      total 181760K, used 170216K [0x00000000eab00000, 0x00000000f7180000, 0x0000000100000000)
  eden space 159744K, 100% used [0x00000000eab00000,0x00000000f4700000,0x00000000f4700000)
  from space 22016K, 47% used [0x00000000f4700000,0x00000000f513a0f8,0x00000000f5c80000)
  to   space 14336K, 0% used [0x00000000f6380000,0x00000000f6380000,0x00000000f7180000)
 ParOldGen       total 622592K, used 490470K [0x00000000c0000000, 0x00000000e6000000, 0x00000000eab00000)
  object space 622592K, 78% used [0x00000000c0000000,0x00000000ddef9980,0x00000000e6000000)
 Metaspace       used 87349K, committed 89344K, reserved 1179648K
  class space    used 8518K, committed 9408K, reserved 1048576K
}
Event: 659.945 GC heap after
{Heap after GC invocations=1674 (full 6):
 PSYoungGen      total 176128K, used 14319K [0x00000000eab00000, 0x00000000f8a00000, 0x0000000100000000)
  eden space 161792K, 0% used [0x00000000eab00000,0x00000000eab00000,0x00000000f4900000)
  from space 14336K, 99% used [0x00000000f6380000,0x00000000f717bf90,0x00000000f7180000)
  to   space 27136K, 0% used [0x00000000f4900000,0x00000000f4900000,0x00000000f6380000)
 ParOldGen       total 622592K, used 500384K [0x00000000c0000000, 0x00000000e6000000, 0x00000000eab00000)
  object space 622592K, 80% used [0x00000000c0000000,0x00000000de8a8340,0x00000000e6000000)
 Metaspace       used 87349K, committed 89344K, reserved 1179648K
  class space    used 8518K, committed 9408K, reserved 1048576K
}
Event: 680.852 GC heap before
{Heap before GC invocations=1675 (full 6):
 PSYoungGen      total 176128K, used 176084K [0x00000000eab00000, 0x00000000f8a00000, 0x0000000100000000)
  eden space 161792K, 99% used [0x00000000eab00000,0x00000000f48f9380,0x00000000f4900000)
  from space 14336K, 99% used [0x00000000f6380000,0x00000000f717bf90,0x00000000f7180000)
  to   space 27136K, 0% used [0x00000000f4900000,0x00000000f4900000,0x00000000f6380000)
 ParOldGen       total 622592K, used 500384K [0x00000000c0000000, 0x00000000e6000000, 0x00000000eab00000)
  object space 622592K, 80% used [0x00000000c0000000,0x00000000de8a8340,0x00000000e6000000)
 Metaspace       used 87381K, committed 89472K, reserved 1179648K
  class space    used 8519K, committed 9472K, reserved 1048576K
}
Event: 681.069 GC heap after
{Heap after GC invocations=1675 (full 6):
 PSYoungGen      total 168448K, used 6528K [0x00000000eab00000, 0x00000000f6f80000, 0x0000000100000000)
  eden space 161792K, 0% used [0x00000000eab00000,0x00000000eab00000,0x00000000f4900000)
  from space 6656K, 98% used [0x00000000f4900000,0x00000000f4f60020,0x00000000f4f80000)
  to   space 13312K, 0% used [0x00000000f6280000,0x00000000f6280000,0x00000000f6f80000)
 ParOldGen       total 622592K, used 514679K [0x00000000c0000000, 0x00000000e6000000, 0x00000000eab00000)
  object space 622592K, 82% used [0x00000000c0000000,0x00000000df69dce8,0x00000000e6000000)
 Metaspace       used 87381K, committed 89472K, reserved 1179648K
  class space    used 8519K, committed 9472K, reserved 1048576K
}
Event: 687.771 GC heap before
{Heap before GC invocations=1676 (full 6):
 PSYoungGen      total 168448K, used 168320K [0x00000000eab00000, 0x00000000f6f80000, 0x0000000100000000)
  eden space 161792K, 100% used [0x00000000eab00000,0x00000000f4900000,0x00000000f4900000)
  from space 6656K, 98% used [0x00000000f4900000,0x00000000f4f60020,0x00000000f4f80000)
  to   space 13312K, 0% used [0x00000000f6280000,0x00000000f6280000,0x00000000f6f80000)
 ParOldGen       total 622592K, used 514679K [0x00000000c0000000, 0x00000000e6000000, 0x00000000eab00000)
  object space 622592K, 82% used [0x00000000c0000000,0x00000000df69dce8,0x00000000e6000000)
 Metaspace       used 87679K, committed 89728K, reserved 1179648K
  class space    used 8542K, committed 9472K, reserved 1048576K
}
Event: 687.867 GC heap after
{Heap after GC invocations=1676 (full 6):
 PSYoungGen      total 168960K, used 13293K [0x00000000eab00000, 0x00000000f6f80000, 0x0000000100000000)
  eden space 155648K, 0% used [0x00000000eab00000,0x00000000eab00000,0x00000000f4300000)
  from space 13312K, 99% used [0x00000000f6280000,0x00000000f6f7b5a8,0x00000000f6f80000)
  to   space 15872K, 0% used [0x00000000f5080000,0x00000000f5080000,0x00000000f6000000)
 ParOldGen       total 622592K, used 515655K [0x00000000c0000000, 0x00000000e6000000, 0x00000000eab00000)
  object space 622592K, 82% used [0x00000000c0000000,0x00000000df791cf8,0x00000000e6000000)
 Metaspace       used 87679K, committed 89728K, reserved 1179648K
  class space    used 8542K, committed 9472K, reserved 1048576K
}
Event: 690.069 GC heap before
{Heap before GC invocations=1677 (full 6):
 PSYoungGen      total 168960K, used 168941K [0x00000000eab00000, 0x00000000f6f80000, 0x0000000100000000)
  eden space 155648K, 100% used [0x00000000eab00000,0x00000000f4300000,0x00000000f4300000)
  from space 13312K, 99% used [0x00000000f6280000,0x00000000f6f7b5a8,0x00000000f6f80000)
  to   space 15872K, 0% used [0x00000000f5080000,0x00000000f5080000,0x00000000f6000000)
 ParOldGen       total 622592K, used 515655K [0x00000000c0000000, 0x00000000e6000000, 0x00000000eab00000)
  object space 622592K, 82% used [0x00000000c0000000,0x00000000df791cf8,0x00000000e6000000)
 Metaspace       used 87725K, committed 89792K, reserved 1179648K
  class space    used 8542K, committed 9472K, reserved 1048576K
}
Event: 690.169 GC heap after
{Heap after GC invocations=1677 (full 6):
 PSYoungGen      total 152064K, used 2465K [0x00000000eab00000, 0x00000000f6300000, 0x0000000100000000)
  eden space 149504K, 0% used [0x00000000eab00000,0x00000000eab00000,0x00000000f3d00000)
  from space 2560K, 96% used [0x00000000f5080000,0x00000000f52e8408,0x00000000f5300000)
  to   space 7168K, 0% used [0x00000000f5c00000,0x00000000f5c00000,0x00000000f6300000)
 ParOldGen       total 622592K, used 527272K [0x00000000c0000000, 0x00000000e6000000, 0x00000000eab00000)
  object space 622592K, 84% used [0x00000000c0000000,0x00000000e02ea2b8,0x00000000e6000000)
 Metaspace       used 87725K, committed 89792K, reserved 1179648K
  class space    used 8542K, committed 9472K, reserved 1048576K
}
Event: 743.986 GC heap before
{Heap before GC invocations=1678 (full 6):
 PSYoungGen      total 152064K, used 151969K [0x00000000eab00000, 0x00000000f6300000, 0x0000000100000000)
  eden space 149504K, 100% used [0x00000000eab00000,0x00000000f3d00000,0x00000000f3d00000)
  from space 2560K, 96% used [0x00000000f5080000,0x00000000f52e8408,0x00000000f5300000)
  to   space 7168K, 0% used [0x00000000f5c00000,0x00000000f5c00000,0x00000000f6300000)
 ParOldGen       total 622592K, used 527272K [0x00000000c0000000, 0x00000000e6000000, 0x00000000eab00000)
  object space 622592K, 84% used [0x00000000c0000000,0x00000000e02ea2b8,0x00000000e6000000)
 Metaspace       used 88266K, committed 90368K, reserved 1179648K
  class space    used 8581K, committed 9472K, reserved 1048576K
}
Event: 744.336 GC heap after
{Heap after GC invocations=1678 (full 6):
 PSYoungGen      total 147456K, used 3438K [0x00000000eab00000, 0x00000000f5f80000, 0x0000000100000000)
  eden space 143872K, 0% used [0x00000000eab00000,0x00000000eab00000,0x00000000f3780000)
  from space 3584K, 95% used [0x00000000f5c00000,0x00000000f5f5b860,0x00000000f5f80000)
  to   space 4096K, 0% used [0x00000000f5780000,0x00000000f5780000,0x00000000f5b80000)
 ParOldGen       total 622592K, used 527280K [0x00000000c0000000, 0x00000000e6000000, 0x00000000eab00000)
  object space 622592K, 84% used [0x00000000c0000000,0x00000000e02ec2b8,0x00000000e6000000)
 Metaspace       used 88266K, committed 90368K, reserved 1179648K
  class space    used 8581K, committed 9472K, reserved 1048576K
}
Event: 160921.700 GC heap before
{Heap before GC invocations=1679 (full 6):
 PSYoungGen      total 147456K, used 147310K [0x00000000eab00000, 0x00000000f5f80000, 0x0000000100000000)
  eden space 143872K, 100% used [0x00000000eab00000,0x00000000f3780000,0x00000000f3780000)
  from space 3584K, 95% used [0x00000000f5c00000,0x00000000f5f5b860,0x00000000f5f80000)
  to   space 4096K, 0% used [0x00000000f5780000,0x00000000f5780000,0x00000000f5b80000)
 ParOldGen       total 622592K, used 527280K [0x00000000c0000000, 0x00000000e6000000, 0x00000000eab00000)
  object space 622592K, 84% used [0x00000000c0000000,0x00000000e02ec2b8,0x00000000e6000000)
 Metaspace       used 91209K, committed 93312K, reserved 1179648K
  class space    used 8999K, committed 9920K, reserved 1048576K
}
Event: 160927.033 GC heap after
{Heap after GC invocations=1679 (full 6):
 PSYoungGen      total 141824K, used 3573K [0x00000000eab00000, 0x00000000f5c80000, 0x0000000100000000)
  eden space 138240K, 0% used [0x00000000eab00000,0x00000000eab00000,0x00000000f3200000)
  from space 3584K, 99% used [0x00000000f5780000,0x00000000f5afd4e0,0x00000000f5b00000)
  to   space 1536K, 0% used [0x00000000f5b00000,0x00000000f5b00000,0x00000000f5c80000)
 ParOldGen       total 622592K, used 527288K [0x00000000c0000000, 0x00000000e6000000, 0x00000000eab00000)
  object space 622592K, 84% used [0x00000000c0000000,0x00000000e02ee2b8,0x00000000e6000000)
 Metaspace       used 91209K, committed 93312K, reserved 1179648K
  class space    used 8999K, committed 9920K, reserved 1048576K
}

