# JRE version: OpenJDK Runtime Environment Temurin-21.0.7+6 (21.0.7+6) (build 21.0.7+6-LTS)
# Java VM: OpenJDK 64-Bit Server VM Temurin-21.0.7+6 (21.0.7+6-LTS, mixed mode, sharing, tiered, compressed oops, compressed class ptrs, parallel gc, windows-amd64)
GC Precious Log:
 CardTable entry size: 512
 CPUs: 8 total, 8 available
 Memory: 3944M
 Large Page Support: Disabled
 NUMA Support: Disabled
 Compressed Oops: Enabled (32-bit)
 Alignments: Space 512K, Generation 512K, Heap 2M
 Heap Min Capacity: 100M
 Heap Initial Capacity: 100M
 Heap Max Capacity: 1G
 Pre-touch: Disabled
 Parallel Workers: 8
Heap:
 PSYoungGen      total 2560K, used 2459K [0x00000000eab00000, 0x00000000eae00000, 0x0000000100000000)
  eden space 2048K, 100% used [0x00000000eab00000,0x00000000ead00000,0x00000000ead00000)
  from space 512K, 80% used [0x00000000ead80000,0x00000000eade6c08,0x00000000eae00000)
  to   space 512K, 25% used [0x00000000ead00000,0x00000000ead20000,0x00000000ead80000)
 ParOldGen       total 437760K, used 437756K [0x00000000c0000000, 0x00000000dab80000, 0x00000000eab00000)
  object space 437760K, 99% used [0x00000000c0000000,0x00000000dab7f078,0x00000000dab80000)
 Metaspace       used 65593K, committed 67008K, reserved 1114112K
  class space    used 6763K, committed 7360K, reserved 1048576K
GC Heap History (20 events):
Event: 89.932 GC heap before
{Heap before GC invocations=481 (full 3):
 PSYoungGen      total 2048K, used 1760K [0x00000000eab00000, 0x00000000eae80000, 0x0000000100000000)
  eden space 1024K, 100% used [0x00000000eab00000,0x00000000eac00000,0x00000000eac00000)
  from space 1024K, 71% used [0x00000000eac00000,0x00000000eacb8000,0x00000000ead00000)
  to   space 1024K, 0% used [0x00000000ead80000,0x00000000ead80000,0x00000000eae80000)
 ParOldGen       total 435200K, used 434871K [0x00000000c0000000, 0x00000000da900000, 0x00000000eab00000)
  object space 435200K, 99% used [0x00000000c0000000,0x00000000da8add98,0x00000000da900000)
 Metaspace       used 65574K, committed 67008K, reserved 1114112K
  class space    used 6763K, committed 7360K, reserved 1048576K
}
Event: 89.934 GC heap after
{Heap after GC invocations=481 (full 3):
 PSYoungGen      total 1536K, used 299K [0x00000000eab00000, 0x00000000eae00000, 0x0000000100000000)
  eden space 1024K, 0% used [0x00000000eab00000,0x00000000eab00000,0x00000000eac00000)
  from space 512K, 58% used [0x00000000ead80000,0x00000000eadcafa8,0x00000000eae00000)
  to   space 512K, 0% used [0x00000000ead00000,0x00000000ead00000,0x00000000ead80000)
 ParOldGen       total 435712K, used 435455K [0x00000000c0000000, 0x00000000da980000, 0x00000000eab00000)
  object space 435712K, 99% used [0x00000000c0000000,0x00000000da93fd98,0x00000000da980000)
 Metaspace       used 65574K, committed 67008K, reserved 1114112K
  class space    used 6763K, committed 7360K, reserved 1048576K
}
Event: 89.938 GC heap before
{Heap before GC invocations=482 (full 3):
 PSYoungGen      total 1536K, used 1323K [0x00000000eab00000, 0x00000000eae00000, 0x0000000100000000)
  eden space 1024K, 100% used [0x00000000eab00000,0x00000000eac00000,0x00000000eac00000)
  from space 512K, 58% used [0x00000000ead80000,0x00000000eadcafa8,0x00000000eae00000)
  to   space 512K, 0% used [0x00000000ead00000,0x00000000ead00000,0x00000000ead80000)
 ParOldGen       total 435712K, used 435455K [0x00000000c0000000, 0x00000000da980000, 0x00000000eab00000)
  object space 435712K, 99% used [0x00000000c0000000,0x00000000da93fd98,0x00000000da980000)
 Metaspace       used 65575K, committed 67008K, reserved 1114112K
  class space    used 6763K, committed 7360K, reserved 1048576K
}
Event: 89.939 GC heap after
{Heap after GC invocations=482 (full 3):
 PSYoungGen      total 1536K, used 320K [0x00000000eab00000, 0x00000000eae00000, 0x0000000100000000)
  eden space 1024K, 0% used [0x00000000eab00000,0x00000000eab00000,0x00000000eac00000)
  from space 512K, 62% used [0x00000000ead00000,0x00000000ead50000,0x00000000ead80000)
  to   space 512K, 0% used [0x00000000ead80000,0x00000000ead80000,0x00000000eae00000)
 ParOldGen       total 435712K, used 435598K [0x00000000c0000000, 0x00000000da980000, 0x00000000eab00000)
  object space 435712K, 99% used [0x00000000c0000000,0x00000000da963940,0x00000000da980000)
 Metaspace       used 65575K, committed 67008K, reserved 1114112K
  class space    used 6763K, committed 7360K, reserved 1048576K
}
Event: 89.943 GC heap before
{Heap before GC invocations=483 (full 3):
 PSYoungGen      total 1536K, used 1343K [0x00000000eab00000, 0x00000000eae00000, 0x0000000100000000)
  eden space 1024K, 99% used [0x00000000eab00000,0x00000000eabffff8,0x00000000eac00000)
  from space 512K, 62% used [0x00000000ead00000,0x00000000ead50000,0x00000000ead80000)
  to   space 512K, 0% used [0x00000000ead80000,0x00000000ead80000,0x00000000eae00000)
 ParOldGen       total 435712K, used 435598K [0x00000000c0000000, 0x00000000da980000, 0x00000000eab00000)
  object space 435712K, 99% used [0x00000000c0000000,0x00000000da963940,0x00000000da980000)
 Metaspace       used 65575K, committed 67008K, reserved 1114112K
  class space    used 6763K, committed 7360K, reserved 1048576K
}
Event: 89.945 GC heap after
{Heap after GC invocations=483 (full 3):
 PSYoungGen      total 1536K, used 288K [0x00000000eab00000, 0x00000000eae00000, 0x0000000100000000)
  eden space 1024K, 0% used [0x00000000eab00000,0x00000000eab00000,0x00000000eac00000)
  from space 512K, 56% used [0x00000000ead80000,0x00000000eadc8000,0x00000000eae00000)
  to   space 512K, 0% used [0x00000000ead00000,0x00000000ead00000,0x00000000ead80000)
 ParOldGen       total 436224K, used 435771K [0x00000000c0000000, 0x00000000daa00000, 0x00000000eab00000)
  object space 436224K, 99% used [0x00000000c0000000,0x00000000da98ef48,0x00000000daa00000)
 Metaspace       used 65575K, committed 67008K, reserved 1114112K
  class space    used 6763K, committed 7360K, reserved 1048576K
}
Event: 89.951 GC heap before
{Heap before GC invocations=484 (full 3):
 PSYoungGen      total 1536K, used 1304K [0x00000000eab00000, 0x00000000eae00000, 0x0000000100000000)
  eden space 1024K, 99% used [0x00000000eab00000,0x00000000eabfe3a8,0x00000000eac00000)
  from space 512K, 56% used [0x00000000ead80000,0x00000000eadc8000,0x00000000eae00000)
  to   space 512K, 0% used [0x00000000ead00000,0x00000000ead00000,0x00000000ead80000)
 ParOldGen       total 436224K, used 435771K [0x00000000c0000000, 0x00000000daa00000, 0x00000000eab00000)
  object space 436224K, 99% used [0x00000000c0000000,0x00000000da98ef48,0x00000000daa00000)
 Metaspace       used 65575K, committed 67008K, reserved 1114112K
  class space    used 6763K, committed 7360K, reserved 1048576K
}
Event: 89.953 GC heap after
{Heap after GC invocations=484 (full 3):
 PSYoungGen      total 1536K, used 224K [0x00000000eab00000, 0x00000000eae00000, 0x0000000100000000)
  eden space 1024K, 0% used [0x00000000eab00000,0x00000000eab00000,0x00000000eac00000)
  from space 512K, 43% used [0x00000000ead00000,0x00000000ead38000,0x00000000ead80000)
  to   space 512K, 0% used [0x00000000ead80000,0x00000000ead80000,0x00000000eae00000)
 ParOldGen       total 436224K, used 435923K [0x00000000c0000000, 0x00000000daa00000, 0x00000000eab00000)
  object space 436224K, 99% used [0x00000000c0000000,0x00000000da9b4f48,0x00000000daa00000)
 Metaspace       used 65575K, committed 67008K, reserved 1114112K
  class space    used 6763K, committed 7360K, reserved 1048576K
}
Event: 89.959 GC heap before
{Heap before GC invocations=485 (full 3):
 PSYoungGen      total 1536K, used 1240K [0x00000000eab00000, 0x00000000eae00000, 0x0000000100000000)
  eden space 1024K, 99% used [0x00000000eab00000,0x00000000eabfe370,0x00000000eac00000)
  from space 512K, 43% used [0x00000000ead00000,0x00000000ead38000,0x00000000ead80000)
  to   space 512K, 0% used [0x00000000ead80000,0x00000000ead80000,0x00000000eae00000)
 ParOldGen       total 436224K, used 435923K [0x00000000c0000000, 0x00000000daa00000, 0x00000000eab00000)
  object space 436224K, 99% used [0x00000000c0000000,0x00000000da9b4f48,0x00000000daa00000)
 Metaspace       used 65575K, committed 67008K, reserved 1114112K
  class space    used 6763K, committed 7360K, reserved 1048576K
}
Event: 89.961 GC heap after
{Heap after GC invocations=485 (full 3):
 PSYoungGen      total 2048K, used 224K [0x00000000eab00000, 0x00000000eae00000, 0x0000000100000000)
  eden space 1536K, 0% used [0x00000000eab00000,0x00000000eab00000,0x00000000eac80000)
  from space 512K, 43% used [0x00000000ead80000,0x00000000eadb8000,0x00000000eae00000)
  to   space 512K, 0% used [0x00000000ead00000,0x00000000ead00000,0x00000000ead80000)
 ParOldGen       total 436224K, used 436051K [0x00000000c0000000, 0x00000000daa00000, 0x00000000eab00000)
  object space 436224K, 99% used [0x00000000c0000000,0x00000000da9d4f48,0x00000000daa00000)
 Metaspace       used 65575K, committed 67008K, reserved 1114112K
  class space    used 6763K, committed 7360K, reserved 1048576K
}
Event: 89.968 GC heap before
{Heap before GC invocations=486 (full 3):
 PSYoungGen      total 2048K, used 1746K [0x00000000eab00000, 0x00000000eae00000, 0x0000000100000000)
  eden space 1536K, 99% used [0x00000000eab00000,0x00000000eac7c8c0,0x00000000eac80000)
  from space 512K, 43% used [0x00000000ead80000,0x00000000eadb8000,0x00000000eae00000)
  to   space 512K, 0% used [0x00000000ead00000,0x00000000ead00000,0x00000000ead80000)
 ParOldGen       total 436224K, used 436051K [0x00000000c0000000, 0x00000000daa00000, 0x00000000eab00000)
  object space 436224K, 99% used [0x00000000c0000000,0x00000000da9d4f48,0x00000000daa00000)
 Metaspace       used 65575K, committed 67008K, reserved 1114112K
  class space    used 6763K, committed 7360K, reserved 1048576K
}
Event: 89.969 GC heap after
{Heap after GC invocations=486 (full 3):
 PSYoungGen      total 2048K, used 288K [0x00000000eab00000, 0x00000000eae00000, 0x0000000100000000)
  eden space 1536K, 0% used [0x00000000eab00000,0x00000000eab00000,0x00000000eac80000)
  from space 512K, 56% used [0x00000000ead00000,0x00000000ead48000,0x00000000ead80000)
  to   space 512K, 0% used [0x00000000ead80000,0x00000000ead80000,0x00000000eae00000)
 ParOldGen       total 436736K, used 436230K [0x00000000c0000000, 0x00000000daa80000, 0x00000000eab00000)
  object space 436736K, 99% used [0x00000000c0000000,0x00000000daa01b50,0x00000000daa80000)
 Metaspace       used 65575K, committed 67008K, reserved 1114112K
  class space    used 6763K, committed 7360K, reserved 1048576K
}
Event: 89.977 GC heap before
{Heap before GC invocations=487 (full 3):
 PSYoungGen      total 2048K, used 1824K [0x00000000eab00000, 0x00000000eae00000, 0x0000000100000000)
  eden space 1536K, 100% used [0x00000000eab00000,0x00000000eac80000,0x00000000eac80000)
  from space 512K, 56% used [0x00000000ead00000,0x00000000ead48000,0x00000000ead80000)
  to   space 512K, 0% used [0x00000000ead80000,0x00000000ead80000,0x00000000eae00000)
 ParOldGen       total 436736K, used 436230K [0x00000000c0000000, 0x00000000daa80000, 0x00000000eab00000)
  object space 436736K, 99% used [0x00000000c0000000,0x00000000daa01b50,0x00000000daa80000)
 Metaspace       used 65575K, committed 67008K, reserved 1114112K
  class space    used 6763K, committed 7360K, reserved 1048576K
}
Event: 89.978 GC heap after
{Heap after GC invocations=487 (full 3):
 PSYoungGen      total 2048K, used 288K [0x00000000eab00000, 0x00000000eae00000, 0x0000000100000000)
  eden space 1536K, 0% used [0x00000000eab00000,0x00000000eab00000,0x00000000eac80000)
  from space 512K, 56% used [0x00000000ead80000,0x00000000eadc8000,0x00000000eae00000)
  to   space 512K, 0% used [0x00000000ead00000,0x00000000ead00000,0x00000000ead80000)
 ParOldGen       total 436736K, used 436406K [0x00000000c0000000, 0x00000000daa80000, 0x00000000eab00000)
  object space 436736K, 99% used [0x00000000c0000000,0x00000000daa2db50,0x00000000daa80000)
 Metaspace       used 65575K, committed 67008K, reserved 1114112K
  class space    used 6763K, committed 7360K, reserved 1048576K
}
Event: 91.020 GC heap before
{Heap before GC invocations=488 (full 3):
 PSYoungGen      total 2048K, used 1824K [0x00000000eab00000, 0x00000000eae00000, 0x0000000100000000)
  eden space 1536K, 100% used [0x00000000eab00000,0x00000000eac80000,0x00000000eac80000)
  from space 512K, 56% used [0x00000000ead80000,0x00000000eadc8000,0x00000000eae00000)
  to   space 512K, 0% used [0x00000000ead00000,0x00000000ead00000,0x00000000ead80000)
 ParOldGen       total 436736K, used 436406K [0x00000000c0000000, 0x00000000daa80000, 0x00000000eab00000)
  object space 436736K, 99% used [0x00000000c0000000,0x00000000daa2db50,0x00000000daa80000)
 Metaspace       used 65581K, committed 67008K, reserved 1114112K
  class space    used 6763K, committed 7360K, reserved 1048576K
}
Event: 91.022 GC heap after
{Heap after GC invocations=488 (full 3):
 PSYoungGen      total 2048K, used 320K [0x00000000eab00000, 0x00000000eae00000, 0x0000000100000000)
  eden space 1536K, 0% used [0x00000000eab00000,0x00000000eab00000,0x00000000eac80000)
  from space 512K, 62% used [0x00000000ead00000,0x00000000ead50000,0x00000000ead80000)
  to   space 512K, 0% used [0x00000000ead80000,0x00000000ead80000,0x00000000eae00000)
 ParOldGen       total 436736K, used 436614K [0x00000000c0000000, 0x00000000daa80000, 0x00000000eab00000)
  object space 436736K, 99% used [0x00000000c0000000,0x00000000daa61b50,0x00000000daa80000)
 Metaspace       used 65581K, committed 67008K, reserved 1114112K
  class space    used 6763K, committed 7360K, reserved 1048576K
}
Event: 91.050 GC heap before
{Heap before GC invocations=489 (full 3):
 PSYoungGen      total 2048K, used 1856K [0x00000000eab00000, 0x00000000eae00000, 0x0000000100000000)
  eden space 1536K, 100% used [0x00000000eab00000,0x00000000eac80000,0x00000000eac80000)
  from space 512K, 62% used [0x00000000ead00000,0x00000000ead50000,0x00000000ead80000)
  to   space 512K, 0% used [0x00000000ead80000,0x00000000ead80000,0x00000000eae00000)
 ParOldGen       total 436736K, used 436614K [0x00000000c0000000, 0x00000000daa80000, 0x00000000eab00000)
  object space 436736K, 99% used [0x00000000c0000000,0x00000000daa61b50,0x00000000daa80000)
 Metaspace       used 65591K, committed 67008K, reserved 1114112K
  class space    used 6763K, committed 7360K, reserved 1048576K
}
Event: 94.082 GC heap after
{Heap after GC invocations=489 (full 3):
 PSYoungGen      total 2048K, used 512K [0x00000000eab00000, 0x00000000eae00000, 0x0000000100000000)
  eden space 1536K, 0% used [0x00000000eab00000,0x00000000eab00000,0x00000000eac80000)
  from space 512K, 100% used [0x00000000ead80000,0x00000000eae00000,0x00000000eae00000)
  to   space 512K, 0% used [0x00000000ead00000,0x00000000ead00000,0x00000000ead80000)
 ParOldGen       total 437248K, used 436806K [0x00000000c0000000, 0x00000000dab00000, 0x00000000eab00000)
  object space 437248K, 99% used [0x00000000c0000000,0x00000000daa91b50,0x00000000dab00000)
 Metaspace       used 65591K, committed 67008K, reserved 1114112K
  class space    used 6763K, committed 7360K, reserved 1048576K
}
Event: 94.105 GC heap before
{Heap before GC invocations=490 (full 3):
 PSYoungGen      total 2048K, used 2048K [0x00000000eab00000, 0x00000000eae00000, 0x0000000100000000)
  eden space 1536K, 100% used [0x00000000eab00000,0x00000000eac80000,0x00000000eac80000)
  from space 512K, 100% used [0x00000000ead80000,0x00000000eae00000,0x00000000eae00000)
  to   space 512K, 0% used [0x00000000ead00000,0x00000000ead00000,0x00000000ead80000)
 ParOldGen       total 437248K, used 436806K [0x00000000c0000000, 0x00000000dab00000, 0x00000000eab00000)
  object space 437248K, 99% used [0x00000000c0000000,0x00000000daa91b50,0x00000000dab00000)
 Metaspace       used 65591K, committed 67008K, reserved 1114112K
  class space    used 6763K, committed 7360K, reserved 1048576K
}
Event: 94.109 GC heap after
{Heap after GC invocations=490 (full 3):
 PSYoungGen      total 2560K, used 320K [0x00000000eab00000, 0x00000000eae00000, 0x0000000100000000)
  eden space 2048K, 0% used [0x00000000eab00000,0x00000000eab00000,0x00000000ead00000)
  from space 512K, 62% used [0x00000000ead00000,0x00000000ead50000,0x00000000ead80000)
  to   space 512K, 0% used [0x00000000ead80000,0x00000000ead80000,0x00000000eae00000)
 ParOldGen       total 437248K, used 437086K [0x00000000c0000000, 0x00000000dab00000, 0x00000000eab00000)
  object space 437248K, 99% used [0x00000000c0000000,0x00000000daad7850,0x00000000dab00000)
 Metaspace       used 65591K, committed 67008K, reserved 1114112K
  class space    used 6763K, committed 7360K, reserved 1048576K
}

