# JRE version: OpenJDK Runtime Environment Temurin-21.0.7+6 (21.0.7+6) (build 21.0.7+6-LTS)
# Java VM: OpenJDK 64-Bit Server VM Temurin-21.0.7+6 (21.0.7+6-LTS, mixed mode, sharing, tiered, compressed oops, compressed class ptrs, parallel gc, windows-amd64)
GC Precious Log:
 CardTable entry size: 512
 CPUs: 8 total, 8 available
 Memory: 3944M
 Large Page Support: Disabled
 NUMA Support: Disabled
 Compressed Oops: Enabled (32-bit)
 Alignments: Space 512K, Generation 512K, Heap 2M
 Heap Min Capacity: 100M
 Heap Initial Capacity: 100M
 Heap Max Capacity: 1G
 Pre-touch: Disabled
 Parallel Workers: 8
Heap:
 PSYoungGen      total 4096K, used 2437K [0x00000000eab00000, 0x00000000eb000000, 0x0000000100000000)
  eden space 3072K, 60% used [0x00000000eab00000,0x00000000eacd17c8,0x00000000eae00000)
  from space 1024K, 56% used [0x00000000eae00000,0x00000000eae90000,0x00000000eaf00000)
  to   space 1024K, 0% used [0x00000000eaf00000,0x00000000eaf00000,0x00000000eb000000)
 ParOldGen       total 263680K, used 250057K [0x00000000c0000000, 0x00000000d0180000, 0x00000000eab00000)
  object space 263680K, 94% used [0x00000000c0000000,0x00000000cf432778,0x00000000d0180000)
 Metaspace       used 74229K, committed 75904K, reserved 1179648K
  class space    used 7543K, committed 8320K, reserved 1048576K
GC Heap History (20 events):
Event: 811.022 GC heap before
{Heap before GC invocations=1838 (full 5):
 PSYoungGen      total 4608K, used 4383K [0x00000000eab00000, 0x00000000eb200000, 0x0000000100000000)
  eden space 3072K, 99% used [0x00000000eab00000,0x00000000eadffff0,0x00000000eae00000)
  from space 1536K, 85% used [0x00000000eae00000,0x00000000eaf48000,0x00000000eaf80000)
  to   space 2048K, 0% used [0x00000000eb000000,0x00000000eb000000,0x00000000eb200000)
 ParOldGen       total 263680K, used 246117K [0x00000000c0000000, 0x00000000d0180000, 0x00000000eab00000)
  object space 263680K, 93% used [0x00000000c0000000,0x00000000cf059660,0x00000000d0180000)
 Metaspace       used 73996K, committed 75584K, reserved 1179648K
  class space    used 7540K, committed 8320K, reserved 1048576K
}
Event: 812.415 GC heap after
{Heap after GC invocations=1838 (full 5):
 PSYoungGen      total 4096K, used 575K [0x00000000eab00000, 0x00000000eb100000, 0x0000000100000000)
  eden space 3072K, 0% used [0x00000000eab00000,0x00000000eab00000,0x00000000eae00000)
  from space 1024K, 56% used [0x00000000eb000000,0x00000000eb08fc18,0x00000000eb100000)
  to   space 1024K, 0% used [0x00000000eaf00000,0x00000000eaf00000,0x00000000eb000000)
 ParOldGen       total 263680K, used 247213K [0x00000000c0000000, 0x00000000d0180000, 0x00000000eab00000)
  object space 263680K, 93% used [0x00000000c0000000,0x00000000cf16b660,0x00000000d0180000)
 Metaspace       used 73996K, committed 75584K, reserved 1179648K
  class space    used 7540K, committed 8320K, reserved 1048576K
}
Event: 2470.287 GC heap before
{Heap before GC invocations=1839 (full 5):
 PSYoungGen      total 4096K, used 3647K [0x00000000eab00000, 0x00000000eb100000, 0x0000000100000000)
  eden space 3072K, 100% used [0x00000000eab00000,0x00000000eae00000,0x00000000eae00000)
  from space 1024K, 56% used [0x00000000eb000000,0x00000000eb08fc18,0x00000000eb100000)
  to   space 1024K, 0% used [0x00000000eaf00000,0x00000000eaf00000,0x00000000eb000000)
 ParOldGen       total 263680K, used 247213K [0x00000000c0000000, 0x00000000d0180000, 0x00000000eab00000)
  object space 263680K, 93% used [0x00000000c0000000,0x00000000cf16b660,0x00000000d0180000)
 Metaspace       used 74086K, committed 75776K, reserved 1179648K
  class space    used 7542K, committed 8320K, reserved 1048576K
}
Event: 2471.272 GC heap after
{Heap after GC invocations=1839 (full 5):
 PSYoungGen      total 4096K, used 708K [0x00000000eab00000, 0x00000000eb080000, 0x0000000100000000)
  eden space 3072K, 0% used [0x00000000eab00000,0x00000000eab00000,0x00000000eae00000)
  from space 1024K, 69% used [0x00000000eaf00000,0x00000000eafb1250,0x00000000eb000000)
  to   space 512K, 0% used [0x00000000eb000000,0x00000000eb000000,0x00000000eb080000)
 ParOldGen       total 263680K, used 247626K [0x00000000c0000000, 0x00000000d0180000, 0x00000000eab00000)
  object space 263680K, 93% used [0x00000000c0000000,0x00000000cf1d2a08,0x00000000d0180000)
 Metaspace       used 74086K, committed 75776K, reserved 1179648K
  class space    used 7542K, committed 8320K, reserved 1048576K
}
Event: 2471.960 GC heap before
{Heap before GC invocations=1840 (full 5):
 PSYoungGen      total 4096K, used 3780K [0x00000000eab00000, 0x00000000eb080000, 0x0000000100000000)
  eden space 3072K, 100% used [0x00000000eab00000,0x00000000eae00000,0x00000000eae00000)
  from space 1024K, 69% used [0x00000000eaf00000,0x00000000eafb1250,0x00000000eb000000)
  to   space 512K, 0% used [0x00000000eb000000,0x00000000eb000000,0x00000000eb080000)
 ParOldGen       total 263680K, used 247626K [0x00000000c0000000, 0x00000000d0180000, 0x00000000eab00000)
  object space 263680K, 93% used [0x00000000c0000000,0x00000000cf1d2a08,0x00000000d0180000)
 Metaspace       used 74098K, committed 75776K, reserved 1179648K
  class space    used 7543K, committed 8320K, reserved 1048576K
}
Event: 2471.978 GC heap after
{Heap after GC invocations=1840 (full 5):
 PSYoungGen      total 3584K, used 484K [0x00000000eab00000, 0x00000000eb080000, 0x0000000100000000)
  eden space 3072K, 0% used [0x00000000eab00000,0x00000000eab00000,0x00000000eae00000)
  from space 512K, 94% used [0x00000000eb000000,0x00000000eb079250,0x00000000eb080000)
  to   space 1024K, 0% used [0x00000000eae80000,0x00000000eae80000,0x00000000eaf80000)
 ParOldGen       total 263680K, used 247794K [0x00000000c0000000, 0x00000000d0180000, 0x00000000eab00000)
  object space 263680K, 93% used [0x00000000c0000000,0x00000000cf1fca08,0x00000000d0180000)
 Metaspace       used 74098K, committed 75776K, reserved 1179648K
  class space    used 7543K, committed 8320K, reserved 1048576K
}
Event: 2472.135 GC heap before
{Heap before GC invocations=1841 (full 5):
 PSYoungGen      total 3584K, used 3556K [0x00000000eab00000, 0x00000000eb080000, 0x0000000100000000)
  eden space 3072K, 100% used [0x00000000eab00000,0x00000000eae00000,0x00000000eae00000)
  from space 512K, 94% used [0x00000000eb000000,0x00000000eb079250,0x00000000eb080000)
  to   space 1024K, 0% used [0x00000000eae80000,0x00000000eae80000,0x00000000eaf80000)
 ParOldGen       total 263680K, used 247794K [0x00000000c0000000, 0x00000000d0180000, 0x00000000eab00000)
  object space 263680K, 93% used [0x00000000c0000000,0x00000000cf1fca08,0x00000000d0180000)
 Metaspace       used 74103K, committed 75776K, reserved 1179648K
  class space    used 7543K, committed 8320K, reserved 1048576K
}
Event: 2472.155 GC heap after
{Heap after GC invocations=1841 (full 5):
 PSYoungGen      total 4096K, used 436K [0x00000000eab00000, 0x00000000eb080000, 0x0000000100000000)
  eden space 3072K, 0% used [0x00000000eab00000,0x00000000eab00000,0x00000000eae00000)
  from space 1024K, 42% used [0x00000000eae80000,0x00000000eaeed220,0x00000000eaf80000)
  to   space 1024K, 0% used [0x00000000eaf80000,0x00000000eaf80000,0x00000000eb080000)
 ParOldGen       total 263680K, used 248293K [0x00000000c0000000, 0x00000000d0180000, 0x00000000eab00000)
  object space 263680K, 94% used [0x00000000c0000000,0x00000000cf279508,0x00000000d0180000)
 Metaspace       used 74103K, committed 75776K, reserved 1179648K
  class space    used 7543K, committed 8320K, reserved 1048576K
}
Event: 2472.175 GC heap before
{Heap before GC invocations=1842 (full 5):
 PSYoungGen      total 4096K, used 3508K [0x00000000eab00000, 0x00000000eb080000, 0x0000000100000000)
  eden space 3072K, 100% used [0x00000000eab00000,0x00000000eae00000,0x00000000eae00000)
  from space 1024K, 42% used [0x00000000eae80000,0x00000000eaeed220,0x00000000eaf80000)
  to   space 1024K, 0% used [0x00000000eaf80000,0x00000000eaf80000,0x00000000eb080000)
 ParOldGen       total 263680K, used 248293K [0x00000000c0000000, 0x00000000d0180000, 0x00000000eab00000)
  object space 263680K, 94% used [0x00000000c0000000,0x00000000cf279508,0x00000000d0180000)
 Metaspace       used 74103K, committed 75776K, reserved 1179648K
  class space    used 7543K, committed 8320K, reserved 1048576K
}
Event: 2472.181 GC heap after
{Heap after GC invocations=1842 (full 5):
 PSYoungGen      total 4096K, used 756K [0x00000000eab00000, 0x00000000eb080000, 0x0000000100000000)
  eden space 3072K, 0% used [0x00000000eab00000,0x00000000eab00000,0x00000000eae00000)
  from space 1024K, 73% used [0x00000000eaf80000,0x00000000eb03d220,0x00000000eb080000)
  to   space 1024K, 0% used [0x00000000eae80000,0x00000000eae80000,0x00000000eaf80000)
 ParOldGen       total 263680K, used 248293K [0x00000000c0000000, 0x00000000d0180000, 0x00000000eab00000)
  object space 263680K, 94% used [0x00000000c0000000,0x00000000cf279508,0x00000000d0180000)
 Metaspace       used 74103K, committed 75776K, reserved 1179648K
  class space    used 7543K, committed 8320K, reserved 1048576K
}
Event: 2472.270 GC heap before
{Heap before GC invocations=1843 (full 5):
 PSYoungGen      total 4096K, used 3828K [0x00000000eab00000, 0x00000000eb080000, 0x0000000100000000)
  eden space 3072K, 100% used [0x00000000eab00000,0x00000000eae00000,0x00000000eae00000)
  from space 1024K, 73% used [0x00000000eaf80000,0x00000000eb03d220,0x00000000eb080000)
  to   space 1024K, 0% used [0x00000000eae80000,0x00000000eae80000,0x00000000eaf80000)
 ParOldGen       total 263680K, used 248293K [0x00000000c0000000, 0x00000000d0180000, 0x00000000eab00000)
  object space 263680K, 94% used [0x00000000c0000000,0x00000000cf279508,0x00000000d0180000)
 Metaspace       used 74106K, committed 75776K, reserved 1179648K
  class space    used 7543K, committed 8320K, reserved 1048576K
}
Event: 2472.279 GC heap after
{Heap after GC invocations=1843 (full 5):
 PSYoungGen      total 4096K, used 352K [0x00000000eab00000, 0x00000000eb000000, 0x0000000100000000)
  eden space 3072K, 0% used [0x00000000eab00000,0x00000000eab00000,0x00000000eae00000)
  from space 1024K, 34% used [0x00000000eae80000,0x00000000eaed8000,0x00000000eaf80000)
  to   space 512K, 0% used [0x00000000eaf80000,0x00000000eaf80000,0x00000000eb000000)
 ParOldGen       total 263680K, used 248937K [0x00000000c0000000, 0x00000000d0180000, 0x00000000eab00000)
  object space 263680K, 94% used [0x00000000c0000000,0x00000000cf31a738,0x00000000d0180000)
 Metaspace       used 74106K, committed 75776K, reserved 1179648K
  class space    used 7543K, committed 8320K, reserved 1048576K
}
Event: 2472.341 GC heap before
{Heap before GC invocations=1844 (full 5):
 PSYoungGen      total 4096K, used 3424K [0x00000000eab00000, 0x00000000eb000000, 0x0000000100000000)
  eden space 3072K, 100% used [0x00000000eab00000,0x00000000eae00000,0x00000000eae00000)
  from space 1024K, 34% used [0x00000000eae80000,0x00000000eaed8000,0x00000000eaf80000)
  to   space 512K, 0% used [0x00000000eaf80000,0x00000000eaf80000,0x00000000eb000000)
 ParOldGen       total 263680K, used 248937K [0x00000000c0000000, 0x00000000d0180000, 0x00000000eab00000)
  object space 263680K, 94% used [0x00000000c0000000,0x00000000cf31a738,0x00000000d0180000)
 Metaspace       used 74116K, committed 75776K, reserved 1179648K
  class space    used 7543K, committed 8320K, reserved 1048576K
}
Event: 2472.350 GC heap after
{Heap after GC invocations=1844 (full 5):
 PSYoungGen      total 3584K, used 416K [0x00000000eab00000, 0x00000000eb000000, 0x0000000100000000)
  eden space 3072K, 0% used [0x00000000eab00000,0x00000000eab00000,0x00000000eae00000)
  from space 512K, 81% used [0x00000000eaf80000,0x00000000eafe8000,0x00000000eb000000)
  to   space 512K, 0% used [0x00000000eaf00000,0x00000000eaf00000,0x00000000eaf80000)
 ParOldGen       total 263680K, used 249161K [0x00000000c0000000, 0x00000000d0180000, 0x00000000eab00000)
  object space 263680K, 94% used [0x00000000c0000000,0x00000000cf352738,0x00000000d0180000)
 Metaspace       used 74116K, committed 75776K, reserved 1179648K
  class space    used 7543K, committed 8320K, reserved 1048576K
}
Event: 2472.407 GC heap before
{Heap before GC invocations=1845 (full 5):
 PSYoungGen      total 3584K, used 3488K [0x00000000eab00000, 0x00000000eb000000, 0x0000000100000000)
  eden space 3072K, 100% used [0x00000000eab00000,0x00000000eae00000,0x00000000eae00000)
  from space 512K, 81% used [0x00000000eaf80000,0x00000000eafe8000,0x00000000eb000000)
  to   space 512K, 0% used [0x00000000eaf00000,0x00000000eaf00000,0x00000000eaf80000)
 ParOldGen       total 263680K, used 249161K [0x00000000c0000000, 0x00000000d0180000, 0x00000000eab00000)
  object space 263680K, 94% used [0x00000000c0000000,0x00000000cf352738,0x00000000d0180000)
 Metaspace       used 74128K, committed 75840K, reserved 1179648K
  class space    used 7543K, committed 8320K, reserved 1048576K
}
Event: 2472.410 GC heap after
{Heap after GC invocations=1845 (full 5):
 PSYoungGen      total 3584K, used 384K [0x00000000eab00000, 0x00000000eb000000, 0x0000000100000000)
  eden space 3072K, 0% used [0x00000000eab00000,0x00000000eab00000,0x00000000eae00000)
  from space 512K, 75% used [0x00000000eaf00000,0x00000000eaf60000,0x00000000eaf80000)
  to   space 512K, 0% used [0x00000000eaf80000,0x00000000eaf80000,0x00000000eb000000)
 ParOldGen       total 263680K, used 249425K [0x00000000c0000000, 0x00000000d0180000, 0x00000000eab00000)
  object space 263680K, 94% used [0x00000000c0000000,0x00000000cf394778,0x00000000d0180000)
 Metaspace       used 74128K, committed 75840K, reserved 1179648K
  class space    used 7543K, committed 8320K, reserved 1048576K
}
Event: 2472.478 GC heap before
{Heap before GC invocations=1846 (full 5):
 PSYoungGen      total 3584K, used 3456K [0x00000000eab00000, 0x00000000eb000000, 0x0000000100000000)
  eden space 3072K, 100% used [0x00000000eab00000,0x00000000eae00000,0x00000000eae00000)
  from space 512K, 75% used [0x00000000eaf00000,0x00000000eaf60000,0x00000000eaf80000)
  to   space 512K, 0% used [0x00000000eaf80000,0x00000000eaf80000,0x00000000eb000000)
 ParOldGen       total 263680K, used 249425K [0x00000000c0000000, 0x00000000d0180000, 0x00000000eab00000)
  object space 263680K, 94% used [0x00000000c0000000,0x00000000cf394778,0x00000000d0180000)
 Metaspace       used 74129K, committed 75840K, reserved 1179648K
  class space    used 7543K, committed 8320K, reserved 1048576K
}
Event: 2472.482 GC heap after
{Heap after GC invocations=1846 (full 5):
 PSYoungGen      total 3584K, used 512K [0x00000000eab00000, 0x00000000eb000000, 0x0000000100000000)
  eden space 3072K, 0% used [0x00000000eab00000,0x00000000eab00000,0x00000000eae00000)
  from space 512K, 100% used [0x00000000eaf80000,0x00000000eb000000,0x00000000eb000000)
  to   space 1024K, 0% used [0x00000000eae00000,0x00000000eae00000,0x00000000eaf00000)
 ParOldGen       total 263680K, used 249649K [0x00000000c0000000, 0x00000000d0180000, 0x00000000eab00000)
  object space 263680K, 94% used [0x00000000c0000000,0x00000000cf3cc778,0x00000000d0180000)
 Metaspace       used 74129K, committed 75840K, reserved 1179648K
  class space    used 7543K, committed 8320K, reserved 1048576K
}
Event: 2472.671 GC heap before
{Heap before GC invocations=1847 (full 5):
 PSYoungGen      total 3584K, used 3584K [0x00000000eab00000, 0x00000000eb000000, 0x0000000100000000)
  eden space 3072K, 100% used [0x00000000eab00000,0x00000000eae00000,0x00000000eae00000)
  from space 512K, 100% used [0x00000000eaf80000,0x00000000eb000000,0x00000000eb000000)
  to   space 1024K, 0% used [0x00000000eae00000,0x00000000eae00000,0x00000000eaf00000)
 ParOldGen       total 263680K, used 249649K [0x00000000c0000000, 0x00000000d0180000, 0x00000000eab00000)
  object space 263680K, 94% used [0x00000000c0000000,0x00000000cf3cc778,0x00000000d0180000)
 Metaspace       used 74174K, committed 75840K, reserved 1179648K
  class space    used 7543K, committed 8320K, reserved 1048576K
}
Event: 2472.678 GC heap after
{Heap after GC invocations=1847 (full 5):
 PSYoungGen      total 4096K, used 576K [0x00000000eab00000, 0x00000000eb000000, 0x0000000100000000)
  eden space 3072K, 0% used [0x00000000eab00000,0x00000000eab00000,0x00000000eae00000)
  from space 1024K, 56% used [0x00000000eae00000,0x00000000eae90000,0x00000000eaf00000)
  to   space 1024K, 0% used [0x00000000eaf00000,0x00000000eaf00000,0x00000000eb000000)
 ParOldGen       total 263680K, used 250057K [0x00000000c0000000, 0x00000000d0180000, 0x00000000eab00000)
  object space 263680K, 94% used [0x00000000c0000000,0x00000000cf432778,0x00000000d0180000)
 Metaspace       used 74174K, committed 75840K, reserved 1179648K
  class space    used 7543K, committed 8320K, reserved 1048576K
}

